[parser.yy (info)] Line 877: 
Production Rules
(rule precedences determined from %prec or 1st terminal between parentheses):
1: program ->  declaration_list procedure_definition
2: declaration_list ->  procedure_declaration
3: declaration_list ->  variable_declaration_list procedure_declaration
4: declaration_list ->  procedure_declaration variable_declaration_list
5: procedure_declaration (VOID) ->  VOID NAME '(' ')' ';'
6: procedure_definition (NAME) ->  NAME '(' ')' #0001 '{' optional_variable_declaration_list #0002 statement_list '}'
7: #0001 ->  <empty>
8: #0002 ->  <empty>
9: optional_variable_declaration_list ->  <empty>
10: optional_variable_declaration_list ->  variable_declaration_list
11: variable_declaration_list ->  variable_declaration
12: variable_declaration_list ->  variable_declaration_list variable_declaration
13: variable_declaration (';') ->  variable_type variable_list ';'
14: variable_type (INTEGER) ->  INTEGER
15: variable_type (FLOAT) ->  FLOAT
16: variable_list ->  variable_name
17: variable_list (',') ->  variable_list ',' variable_name
18: variable_name (NAME) ->  NAME
19: statement_list ->  <empty>
20: statement_list ->  statement_list statement
21: other_statement ->  assignment_statement
22: other_statement ->  iterative_statement
23: other_statement ('{') ->  '{' statement_list '}'
24: statement ->  matched_statement
25: statement ->  unmatched_statement
26: matched_statement (IF) ->  IF '(' boolean_expression ')' matched_statement ELSE matched_statement
27: matched_statement ->  other_statement
28: unmatched_statement (IF) ->  IF '(' boolean_expression ')' statement
29: unmatched_statement (IF) ->  IF '(' boolean_expression ')' matched_statement ELSE unmatched_statement
30: iterative_statement (WHILE) ->  WHILE '(' boolean_expression ')' '{' statement_list '}'
31: iterative_statement (DO) ->  DO '{' statement_list '}' WHILE '(' boolean_expression ')'
32: boolean_expression (OR) ->  boolean_expression OR boolean_expression
33: boolean_expression (AND) ->  boolean_expression AND boolean_expression
34: boolean_expression (NOT) ->  NOT boolean_expression
35: boolean_expression ('(') ->  '(' boolean_expression ')'
36: boolean_expression ->  relational_expression
37: relational_expression (LT) ->  operand LT operand
38: relational_expression (LE) ->  operand LE operand
39: relational_expression (GT) ->  operand GT operand
40: relational_expression (GE) ->  operand GE operand
41: relational_expression (EQ) ->  operand EQ operand
42: relational_expression (NE) ->  operand NE operand
43: assignment_statement (ASSIGN) ->  variable ASSIGN arith_expression ';'
44: arith_expression ('+') ->  operand '+' operand
45: arith_expression ('-') ->  operand '-' operand
46: arith_expression ('*') ->  operand '*' operand
47: arith_expression ('/') ->  operand '/' operand
48: arith_expression (UMINUS) ->  '-' operand
49: arith_expression ('?') ->  boolean_expression '?' operand ':' operand
50: arith_expression ('(') ->  '(' operand ')'
51: arith_expression ->  expression_term
52: operand ->  arith_expression
53: expression_term ->  variable
54: expression_term ->  constant
55: variable (NAME) ->  NAME
56: constant (INTEGER_NUMBER) ->  INTEGER_NUMBER
57: constant (DOUBLE_NUMBER) ->  DOUBLE_NUMBER
58: program_$ ->  program

[parser.yy (info)] 
Symbolic Terminal tokens:
       error
       EOF
   257: INTEGER_NUMBER
   258: DOUBLE_NUMBER
   259: NAME
   260: INTEGER
   261: FLOAT
   262: ASSIGN
   263: VOID
   264: IF
   265: ELSE
   266: WHILE
   267: DO
    63: '?'
   268: OR
   269: AND
   270: EQ
   271: NE
   272: LT
   273: LE
   274: GT
   275: GE
   276: NOT
    43: '+'
    45: '-'
    42: '*'
    47: '/'
   277: UMINUS
    40: '('
    41: ')'
    59: ';'
   123: '{'
   125: '}'
    44: ','
    58: ':'

[parser.yy (info)] 
Grammar States: 
[parser.yy (info)] State 0:
58: program_$ ->  . program 
  0:   On program to state 1
  1:   On declaration_list to state 2
  2:   On procedure_declaration to state 3
  3:   On variable_declaration_list to state 4
  4:   On VOID to state 5
  5:   On variable_declaration to state 6
  6:   On variable_type to state 7
  7:   On INTEGER to state 8
  8:   On FLOAT to state 9


State 1:
58: program_$ -> program  . 


State 2:
1: program -> declaration_list  . procedure_definition 
  0:   On procedure_definition to state 10
  1:   On NAME to state 11


State 3:
2: declaration_list -> procedure_declaration  . 
4: declaration_list -> procedure_declaration  . variable_declaration_list 
  0:   On variable_declaration_list to state 12
  1:   On variable_declaration to state 6
  2:   On variable_type to state 7
  3:   On INTEGER to state 8
  4:   On FLOAT to state 9
  Reduce by 2: declaration_list -> procedure_declaration  . 


State 4:
3: declaration_list -> variable_declaration_list  . procedure_declaration 
12: variable_declaration_list -> variable_declaration_list  . variable_declaration 
  0:   On procedure_declaration to state 13
  1:   On variable_declaration to state 14
  2:   On VOID to state 5
  3:   On variable_type to state 7
  4:   On INTEGER to state 8
  5:   On FLOAT to state 9


State 5:
5: procedure_declaration -> VOID  . NAME '(' ')' ';' 
  0:   On NAME to state 15


State 6:
11: variable_declaration_list -> variable_declaration  . 
  Reduce by 11: variable_declaration_list -> variable_declaration  . 


State 7:
13: variable_declaration -> variable_type  . variable_list ';' 
  0:   On variable_list to state 16
  1:   On variable_name to state 17
  2:   On NAME to state 18


State 8:
14: variable_type -> INTEGER  . 
  Reduce by 14: variable_type -> INTEGER  . 


State 9:
15: variable_type -> FLOAT  . 
  Reduce by 15: variable_type -> FLOAT  . 


State 10:
1: program -> declaration_list procedure_definition  . 
  Reduce by 1: program -> declaration_list procedure_definition  . 


State 11:
6: procedure_definition -> NAME  . '(' ')' #0001 '{' optional_variable_declaration_list #0002 statement_list '}' 
  0:   On '(' to state 19


State 12:
4: declaration_list -> procedure_declaration variable_declaration_list  . 
12: variable_declaration_list -> variable_declaration_list  . variable_declaration 
  0:   On variable_declaration to state 14
  1:   On variable_type to state 7
  2:   On INTEGER to state 8
  3:   On FLOAT to state 9
  Reduce by 4: declaration_list -> procedure_declaration variable_declaration_list  . 


State 13:
3: declaration_list -> variable_declaration_list procedure_declaration  . 
  Reduce by 3: declaration_list -> variable_declaration_list procedure_declaration  . 


State 14:
12: variable_declaration_list -> variable_declaration_list variable_declaration  . 
  Reduce by 12: variable_declaration_list -> variable_declaration_list variable_declaration  . 


State 15:
5: procedure_declaration -> VOID NAME  . '(' ')' ';' 
  0:   On '(' to state 20


State 16:
13: variable_declaration -> variable_type variable_list  . ';' 
17: variable_list -> variable_list  . ',' variable_name 
  0:   On ';' to state 21
  1:   On ',' to state 22


State 17:
16: variable_list -> variable_name  . 
  Reduce by 16: variable_list -> variable_name  . 


State 18:
18: variable_name -> NAME  . 
  Reduce by 18: variable_name -> NAME  . 


State 19:
6: procedure_definition -> NAME '('  . ')' #0001 '{' optional_variable_declaration_list #0002 statement_list '}' 
  0:   On ')' to state 23


State 20:
5: procedure_declaration -> VOID NAME '('  . ')' ';' 
  0:   On ')' to state 24


State 21:
13: variable_declaration -> variable_type variable_list ';'  . 
  Reduce by 13: variable_declaration -> variable_type variable_list ';'  . 


State 22:
17: variable_list -> variable_list ','  . variable_name 
  0:   On variable_name to state 25
  1:   On NAME to state 18


State 23:
6: procedure_definition -> NAME '(' ')'  . #0001 '{' optional_variable_declaration_list #0002 statement_list '}' 
  0:   On #0001 to state 26
  Reduce by 7: #0001 ->  . 


State 24:
5: procedure_declaration -> VOID NAME '(' ')'  . ';' 
  0:   On ';' to state 27


State 25:
17: variable_list -> variable_list ',' variable_name  . 
  Reduce by 17: variable_list -> variable_list ',' variable_name  . 


State 26:
6: procedure_definition -> NAME '(' ')' #0001  . '{' optional_variable_declaration_list #0002 statement_list '}' 
  0:   On '{' to state 28


State 27:
5: procedure_declaration -> VOID NAME '(' ')' ';'  . 
  Reduce by 5: procedure_declaration -> VOID NAME '(' ')' ';'  . 


State 28:
6: procedure_definition -> NAME '(' ')' #0001 '{'  . optional_variable_declaration_list #0002 statement_list '}' 
  0:   On optional_variable_declaration_list to state 29
  1:   On variable_declaration_list to state 30
  2:   On variable_declaration to state 6
  3:   On variable_type to state 7
  4:   On INTEGER to state 8
  5:   On FLOAT to state 9
  Reduce by 9: optional_variable_declaration_list ->  . 


State 29:
6: procedure_definition -> NAME '(' ')' #0001 '{' optional_variable_declaration_list  . #0002 statement_list '}' 
  0:   On #0002 to state 31
  Reduce by 8: #0002 ->  . 


State 30:
10: optional_variable_declaration_list -> variable_declaration_list  . 
12: variable_declaration_list -> variable_declaration_list  . variable_declaration 
  0:   On variable_declaration to state 14
  1:   On variable_type to state 7
  2:   On INTEGER to state 8
  3:   On FLOAT to state 9
  Reduce by 10: optional_variable_declaration_list -> variable_declaration_list  . 


State 31:
6: procedure_definition -> NAME '(' ')' #0001 '{' optional_variable_declaration_list #0002  . statement_list '}' 
  0:   On statement_list to state 32
  Reduce by 19: statement_list ->  . 


State 32:
6: procedure_definition -> NAME '(' ')' #0001 '{' optional_variable_declaration_list #0002 statement_list  . '}' 
20: statement_list -> statement_list  . statement 
  0:   On '}' to state 33
  1:   On statement to state 34
  2:   On matched_statement to state 35
  3:   On unmatched_statement to state 36
  4:   On IF to state 37
  5:   On other_statement to state 38
  6:   On assignment_statement to state 39
  7:   On iterative_statement to state 40
  8:   On '{' to state 41
  9:   On variable to state 42
  10:   On WHILE to state 43
  11:   On DO to state 44
  12:   On NAME to state 45


State 33:
6: procedure_definition -> NAME '(' ')' #0001 '{' optional_variable_declaration_list #0002 statement_list '}'  . 
  Reduce by 6: procedure_definition -> NAME '(' ')' #0001 '{' optional_variable_declaration_list #0002 statement_list '}'  . 


State 34:
20: statement_list -> statement_list statement  . 
  Reduce by 20: statement_list -> statement_list statement  . 


State 35:
24: statement -> matched_statement  . 
  Reduce by 24: statement -> matched_statement  . 


State 36:
25: statement -> unmatched_statement  . 
  Reduce by 25: statement -> unmatched_statement  . 


State 37:
26: matched_statement -> IF  . '(' boolean_expression ')' matched_statement ELSE matched_statement 
28: unmatched_statement -> IF  . '(' boolean_expression ')' statement 
29: unmatched_statement -> IF  . '(' boolean_expression ')' matched_statement ELSE unmatched_statement 
  0:   On '(' to state 46


State 38:
27: matched_statement -> other_statement  . 
  Reduce by 27: matched_statement -> other_statement  . 


State 39:
21: other_statement -> assignment_statement  . 
  Reduce by 21: other_statement -> assignment_statement  . 


State 40:
22: other_statement -> iterative_statement  . 
  Reduce by 22: other_statement -> iterative_statement  . 


State 41:
23: other_statement -> '{'  . statement_list '}' 
  0:   On statement_list to state 47
  Reduce by 19: statement_list ->  . 


State 42:
43: assignment_statement -> variable  . ASSIGN arith_expression ';' 
  0:   On ASSIGN to state 48


State 43:
30: iterative_statement -> WHILE  . '(' boolean_expression ')' '{' statement_list '}' 
  0:   On '(' to state 49


State 44:
31: iterative_statement -> DO  . '{' statement_list '}' WHILE '(' boolean_expression ')' 
  0:   On '{' to state 50


State 45:
55: variable -> NAME  . 
  Reduce by 55: variable -> NAME  . 


State 46:
26: matched_statement -> IF '('  . boolean_expression ')' matched_statement ELSE matched_statement 
28: unmatched_statement -> IF '('  . boolean_expression ')' statement 
29: unmatched_statement -> IF '('  . boolean_expression ')' matched_statement ELSE unmatched_statement 
  0:   On boolean_expression to state 51
  1:   On NOT to state 52
  2:   On '(' to state 53
  3:   On relational_expression to state 54
  4:   On operand to state 55
  5:   On arith_expression to state 56
  6:   On '-' to state 57
  7:   On expression_term to state 58
  8:   On variable to state 59
  9:   On constant to state 60
  10:   On NAME to state 45
  11:   On INTEGER_NUMBER to state 61
  12:   On DOUBLE_NUMBER to state 62


State 47:
23: other_statement -> '{' statement_list  . '}' 
20: statement_list -> statement_list  . statement 
  0:   On '}' to state 63
  1:   On statement to state 34
  2:   On matched_statement to state 35
  3:   On unmatched_statement to state 36
  4:   On IF to state 37
  5:   On other_statement to state 38
  6:   On assignment_statement to state 39
  7:   On iterative_statement to state 40
  8:   On '{' to state 41
  9:   On variable to state 42
  10:   On WHILE to state 43
  11:   On DO to state 44
  12:   On NAME to state 45


State 48:
43: assignment_statement -> variable ASSIGN  . arith_expression ';' 
  0:   On arith_expression to state 64
  1:   On operand to state 55
  2:   On '-' to state 57
  3:   On boolean_expression to state 65
  4:   On '(' to state 53
  5:   On expression_term to state 58
  6:   On NOT to state 52
  7:   On relational_expression to state 54
  8:   On variable to state 59
  9:   On constant to state 60
  10:   On NAME to state 45
  11:   On INTEGER_NUMBER to state 61
  12:   On DOUBLE_NUMBER to state 62


State 49:
30: iterative_statement -> WHILE '('  . boolean_expression ')' '{' statement_list '}' 
  0:   On boolean_expression to state 66
  1:   On NOT to state 52
  2:   On '(' to state 53
  3:   On relational_expression to state 54
  4:   On operand to state 55
  5:   On arith_expression to state 56
  6:   On '-' to state 57
  7:   On expression_term to state 58
  8:   On variable to state 59
  9:   On constant to state 60
  10:   On NAME to state 45
  11:   On INTEGER_NUMBER to state 61
  12:   On DOUBLE_NUMBER to state 62


State 50:
31: iterative_statement -> DO '{'  . statement_list '}' WHILE '(' boolean_expression ')' 
  0:   On statement_list to state 67
  Reduce by 19: statement_list ->  . 


State 51:
26: matched_statement -> IF '(' boolean_expression  . ')' matched_statement ELSE matched_statement 
28: unmatched_statement -> IF '(' boolean_expression  . ')' statement 
29: unmatched_statement -> IF '(' boolean_expression  . ')' matched_statement ELSE unmatched_statement 
32: boolean_expression -> boolean_expression  . OR boolean_expression 
33: boolean_expression -> boolean_expression  . AND boolean_expression 
49: arith_expression -> boolean_expression  . '?' operand ':' operand 
  0:   On ')' to state 68
  1:   On OR to state 69
  2:   On AND to state 70
  3:   On '?' to state 71


State 52:
34: boolean_expression -> NOT  . boolean_expression 
  0:   On boolean_expression to state 72
  1:   On NOT to state 52
  2:   On '(' to state 53
  3:   On relational_expression to state 54
  4:   On operand to state 55
  5:   On arith_expression to state 56
  6:   On '-' to state 57
  7:   On expression_term to state 58
  8:   On variable to state 59
  9:   On constant to state 60
  10:   On NAME to state 45
  11:   On INTEGER_NUMBER to state 61
  12:   On DOUBLE_NUMBER to state 62


State 53:
35: boolean_expression -> '('  . boolean_expression ')' 
50: arith_expression -> '('  . operand ')' 
  0:   On boolean_expression to state 73
  1:   On operand to state 74
  2:   On NOT to state 52
  3:   On '(' to state 53
  4:   On relational_expression to state 54
  5:   On arith_expression to state 56
  6:   On '-' to state 57
  7:   On expression_term to state 58
  8:   On variable to state 59
  9:   On constant to state 60
  10:   On NAME to state 45
  11:   On INTEGER_NUMBER to state 61
  12:   On DOUBLE_NUMBER to state 62


State 54:
36: boolean_expression -> relational_expression  . 
  Reduce by 36: boolean_expression -> relational_expression  . 


State 55:
37: relational_expression -> operand  . LT operand 
38: relational_expression -> operand  . LE operand 
39: relational_expression -> operand  . GT operand 
40: relational_expression -> operand  . GE operand 
41: relational_expression -> operand  . EQ operand 
42: relational_expression -> operand  . NE operand 
44: arith_expression -> operand  . '+' operand 
45: arith_expression -> operand  . '-' operand 
46: arith_expression -> operand  . '*' operand 
47: arith_expression -> operand  . '/' operand 
  0:   On LT to state 75
  1:   On LE to state 76
  2:   On GT to state 77
  3:   On GE to state 78
  4:   On EQ to state 79
  5:   On NE to state 80
  6:   On '+' to state 81
  7:   On '-' to state 82
  8:   On '*' to state 83
  9:   On '/' to state 84


State 56:
52: operand -> arith_expression  . 
  Reduce by 52: operand -> arith_expression  . 


State 57:
48: arith_expression -> '-'  . operand 
  0:   On operand to state 85
  1:   On arith_expression to state 56
  2:   On '-' to state 57
  3:   On boolean_expression to state 65
  4:   On '(' to state 53
  5:   On expression_term to state 58
  6:   On NOT to state 52
  7:   On relational_expression to state 54
  8:   On variable to state 59
  9:   On constant to state 60
  10:   On NAME to state 45
  11:   On INTEGER_NUMBER to state 61
  12:   On DOUBLE_NUMBER to state 62


State 58:
51: arith_expression -> expression_term  . 
  Reduce by 51: arith_expression -> expression_term  . 


State 59:
53: expression_term -> variable  . 
  Reduce by 53: expression_term -> variable  . 


State 60:
54: expression_term -> constant  . 
  Reduce by 54: expression_term -> constant  . 


State 61:
56: constant -> INTEGER_NUMBER  . 
  Reduce by 56: constant -> INTEGER_NUMBER  . 


State 62:
57: constant -> DOUBLE_NUMBER  . 
  Reduce by 57: constant -> DOUBLE_NUMBER  . 


State 63:
23: other_statement -> '{' statement_list '}'  . 
  Reduce by 23: other_statement -> '{' statement_list '}'  . 


State 64:
43: assignment_statement -> variable ASSIGN arith_expression  . ';' 
52: operand -> arith_expression  . 
  0:   On ';' to state 86
  Reduce by 52: operand -> arith_expression  . 


State 65:
49: arith_expression -> boolean_expression  . '?' operand ':' operand 
32: boolean_expression -> boolean_expression  . OR boolean_expression 
33: boolean_expression -> boolean_expression  . AND boolean_expression 
  0:   On '?' to state 71
  1:   On OR to state 69
  2:   On AND to state 70


State 66:
30: iterative_statement -> WHILE '(' boolean_expression  . ')' '{' statement_list '}' 
32: boolean_expression -> boolean_expression  . OR boolean_expression 
33: boolean_expression -> boolean_expression  . AND boolean_expression 
49: arith_expression -> boolean_expression  . '?' operand ':' operand 
  0:   On ')' to state 87
  1:   On OR to state 69
  2:   On AND to state 70
  3:   On '?' to state 71


State 67:
31: iterative_statement -> DO '{' statement_list  . '}' WHILE '(' boolean_expression ')' 
20: statement_list -> statement_list  . statement 
  0:   On '}' to state 88
  1:   On statement to state 34
  2:   On matched_statement to state 35
  3:   On unmatched_statement to state 36
  4:   On IF to state 37
  5:   On other_statement to state 38
  6:   On assignment_statement to state 39
  7:   On iterative_statement to state 40
  8:   On '{' to state 41
  9:   On variable to state 42
  10:   On WHILE to state 43
  11:   On DO to state 44
  12:   On NAME to state 45


State 68:
26: matched_statement -> IF '(' boolean_expression ')'  . matched_statement ELSE matched_statement 
28: unmatched_statement -> IF '(' boolean_expression ')'  . statement 
29: unmatched_statement -> IF '(' boolean_expression ')'  . matched_statement ELSE unmatched_statement 
  0:   On matched_statement to state 89
  1:   On statement to state 90
  2:   On IF to state 37
  3:   On other_statement to state 38
  4:   On unmatched_statement to state 36
  5:   On assignment_statement to state 39
  6:   On iterative_statement to state 40
  7:   On '{' to state 41
  8:   On variable to state 42
  9:   On WHILE to state 43
  10:   On DO to state 44
  11:   On NAME to state 45


State 69:
32: boolean_expression -> boolean_expression OR  . boolean_expression 
  0:   On boolean_expression to state 91
  1:   On NOT to state 52
  2:   On '(' to state 53
  3:   On relational_expression to state 54
  4:   On operand to state 55
  5:   On arith_expression to state 56
  6:   On '-' to state 57
  7:   On expression_term to state 58
  8:   On variable to state 59
  9:   On constant to state 60
  10:   On NAME to state 45
  11:   On INTEGER_NUMBER to state 61
  12:   On DOUBLE_NUMBER to state 62


State 70:
33: boolean_expression -> boolean_expression AND  . boolean_expression 
  0:   On boolean_expression to state 92
  1:   On NOT to state 52
  2:   On '(' to state 53
  3:   On relational_expression to state 54
  4:   On operand to state 55
  5:   On arith_expression to state 56
  6:   On '-' to state 57
  7:   On expression_term to state 58
  8:   On variable to state 59
  9:   On constant to state 60
  10:   On NAME to state 45
  11:   On INTEGER_NUMBER to state 61
  12:   On DOUBLE_NUMBER to state 62


State 71:
49: arith_expression -> boolean_expression '?'  . operand ':' operand 
  0:   On operand to state 93
  1:   On arith_expression to state 56
  2:   On '-' to state 57
  3:   On boolean_expression to state 65
  4:   On '(' to state 53
  5:   On expression_term to state 58
  6:   On NOT to state 52
  7:   On relational_expression to state 54
  8:   On variable to state 59
  9:   On constant to state 60
  10:   On NAME to state 45
  11:   On INTEGER_NUMBER to state 61
  12:   On DOUBLE_NUMBER to state 62


State 72:
34: boolean_expression -> NOT boolean_expression  . 
32: boolean_expression -> boolean_expression  . OR boolean_expression 
33: boolean_expression -> boolean_expression  . AND boolean_expression 
49: arith_expression -> boolean_expression  . '?' operand ':' operand 
  0 (removed by precedence):   On OR to state 69
  1 (removed by precedence):   On AND to state 70
  2 (removed by precedence):   On '?' to state 71
  Reduce by 34: boolean_expression -> NOT boolean_expression  . 


State 73:
35: boolean_expression -> '(' boolean_expression  . ')' 
32: boolean_expression -> boolean_expression  . OR boolean_expression 
33: boolean_expression -> boolean_expression  . AND boolean_expression 
49: arith_expression -> boolean_expression  . '?' operand ':' operand 
  0:   On ')' to state 94
  1:   On OR to state 69
  2:   On AND to state 70
  3:   On '?' to state 71


State 74:
50: arith_expression -> '(' operand  . ')' 
37: relational_expression -> operand  . LT operand 
38: relational_expression -> operand  . LE operand 
39: relational_expression -> operand  . GT operand 
40: relational_expression -> operand  . GE operand 
41: relational_expression -> operand  . EQ operand 
42: relational_expression -> operand  . NE operand 
44: arith_expression -> operand  . '+' operand 
45: arith_expression -> operand  . '-' operand 
46: arith_expression -> operand  . '*' operand 
47: arith_expression -> operand  . '/' operand 
  0:   On ')' to state 95
  1:   On LT to state 75
  2:   On LE to state 76
  3:   On GT to state 77
  4:   On GE to state 78
  5:   On EQ to state 79
  6:   On NE to state 80
  7:   On '+' to state 81
  8:   On '-' to state 82
  9:   On '*' to state 83
  10:   On '/' to state 84


State 75:
37: relational_expression -> operand LT  . operand 
  0:   On operand to state 96
  1:   On arith_expression to state 56
  2:   On '-' to state 57
  3:   On boolean_expression to state 65
  4:   On '(' to state 53
  5:   On expression_term to state 58
  6:   On NOT to state 52
  7:   On relational_expression to state 54
  8:   On variable to state 59
  9:   On constant to state 60
  10:   On NAME to state 45
  11:   On INTEGER_NUMBER to state 61
  12:   On DOUBLE_NUMBER to state 62


State 76:
38: relational_expression -> operand LE  . operand 
  0:   On operand to state 97
  1:   On arith_expression to state 56
  2:   On '-' to state 57
  3:   On boolean_expression to state 65
  4:   On '(' to state 53
  5:   On expression_term to state 58
  6:   On NOT to state 52
  7:   On relational_expression to state 54
  8:   On variable to state 59
  9:   On constant to state 60
  10:   On NAME to state 45
  11:   On INTEGER_NUMBER to state 61
  12:   On DOUBLE_NUMBER to state 62


State 77:
39: relational_expression -> operand GT  . operand 
  0:   On operand to state 98
  1:   On arith_expression to state 56
  2:   On '-' to state 57
  3:   On boolean_expression to state 65
  4:   On '(' to state 53
  5:   On expression_term to state 58
  6:   On NOT to state 52
  7:   On relational_expression to state 54
  8:   On variable to state 59
  9:   On constant to state 60
  10:   On NAME to state 45
  11:   On INTEGER_NUMBER to state 61
  12:   On DOUBLE_NUMBER to state 62


State 78:
40: relational_expression -> operand GE  . operand 
  0:   On operand to state 99
  1:   On arith_expression to state 56
  2:   On '-' to state 57
  3:   On boolean_expression to state 65
  4:   On '(' to state 53
  5:   On expression_term to state 58
  6:   On NOT to state 52
  7:   On relational_expression to state 54
  8:   On variable to state 59
  9:   On constant to state 60
  10:   On NAME to state 45
  11:   On INTEGER_NUMBER to state 61
  12:   On DOUBLE_NUMBER to state 62


State 79:
41: relational_expression -> operand EQ  . operand 
  0:   On operand to state 100
  1:   On arith_expression to state 56
  2:   On '-' to state 57
  3:   On boolean_expression to state 65
  4:   On '(' to state 53
  5:   On expression_term to state 58
  6:   On NOT to state 52
  7:   On relational_expression to state 54
  8:   On variable to state 59
  9:   On constant to state 60
  10:   On NAME to state 45
  11:   On INTEGER_NUMBER to state 61
  12:   On DOUBLE_NUMBER to state 62


State 80:
42: relational_expression -> operand NE  . operand 
  0:   On operand to state 101
  1:   On arith_expression to state 56
  2:   On '-' to state 57
  3:   On boolean_expression to state 65
  4:   On '(' to state 53
  5:   On expression_term to state 58
  6:   On NOT to state 52
  7:   On relational_expression to state 54
  8:   On variable to state 59
  9:   On constant to state 60
  10:   On NAME to state 45
  11:   On INTEGER_NUMBER to state 61
  12:   On DOUBLE_NUMBER to state 62


State 81:
44: arith_expression -> operand '+'  . operand 
  0:   On operand to state 102
  1:   On arith_expression to state 56
  2:   On '-' to state 57
  3:   On boolean_expression to state 65
  4:   On '(' to state 53
  5:   On expression_term to state 58
  6:   On NOT to state 52
  7:   On relational_expression to state 54
  8:   On variable to state 59
  9:   On constant to state 60
  10:   On NAME to state 45
  11:   On INTEGER_NUMBER to state 61
  12:   On DOUBLE_NUMBER to state 62


State 82:
45: arith_expression -> operand '-'  . operand 
  0:   On operand to state 103
  1:   On arith_expression to state 56
  2:   On '-' to state 57
  3:   On boolean_expression to state 65
  4:   On '(' to state 53
  5:   On expression_term to state 58
  6:   On NOT to state 52
  7:   On relational_expression to state 54
  8:   On variable to state 59
  9:   On constant to state 60
  10:   On NAME to state 45
  11:   On INTEGER_NUMBER to state 61
  12:   On DOUBLE_NUMBER to state 62


State 83:
46: arith_expression -> operand '*'  . operand 
  0:   On operand to state 104
  1:   On arith_expression to state 56
  2:   On '-' to state 57
  3:   On boolean_expression to state 65
  4:   On '(' to state 53
  5:   On expression_term to state 58
  6:   On NOT to state 52
  7:   On relational_expression to state 54
  8:   On variable to state 59
  9:   On constant to state 60
  10:   On NAME to state 45
  11:   On INTEGER_NUMBER to state 61
  12:   On DOUBLE_NUMBER to state 62


State 84:
47: arith_expression -> operand '/'  . operand 
  0:   On operand to state 105
  1:   On arith_expression to state 56
  2:   On '-' to state 57
  3:   On boolean_expression to state 65
  4:   On '(' to state 53
  5:   On expression_term to state 58
  6:   On NOT to state 52
  7:   On relational_expression to state 54
  8:   On variable to state 59
  9:   On constant to state 60
  10:   On NAME to state 45
  11:   On INTEGER_NUMBER to state 61
  12:   On DOUBLE_NUMBER to state 62


State 85:
48: arith_expression -> '-' operand  . 
44: arith_expression -> operand  . '+' operand 
45: arith_expression -> operand  . '-' operand 
46: arith_expression -> operand  . '*' operand 
47: arith_expression -> operand  . '/' operand 
37: relational_expression -> operand  . LT operand 
38: relational_expression -> operand  . LE operand 
39: relational_expression -> operand  . GT operand 
40: relational_expression -> operand  . GE operand 
41: relational_expression -> operand  . EQ operand 
42: relational_expression -> operand  . NE operand 
  0 (removed by precedence):   On '+' to state 81
  1 (removed by precedence):   On '-' to state 82
  2 (removed by precedence):   On '*' to state 83
  3 (removed by precedence):   On '/' to state 84
  4 (removed by precedence):   On LT to state 75
  5 (removed by precedence):   On LE to state 76
  6 (removed by precedence):   On GT to state 77
  7 (removed by precedence):   On GE to state 78
  8 (removed by precedence):   On EQ to state 79
  9 (removed by precedence):   On NE to state 80
  Reduce by 48: arith_expression -> '-' operand  . 


State 86:
43: assignment_statement -> variable ASSIGN arith_expression ';'  . 
  Reduce by 43: assignment_statement -> variable ASSIGN arith_expression ';'  . 


State 87:
30: iterative_statement -> WHILE '(' boolean_expression ')'  . '{' statement_list '}' 
  0:   On '{' to state 106


State 88:
31: iterative_statement -> DO '{' statement_list '}'  . WHILE '(' boolean_expression ')' 
  0:   On WHILE to state 107


State 89:
26: matched_statement -> IF '(' boolean_expression ')' matched_statement  . ELSE matched_statement 
29: unmatched_statement -> IF '(' boolean_expression ')' matched_statement  . ELSE unmatched_statement 
24: statement -> matched_statement  . 
  0:   On ELSE to state 108
  Reduce by 24: statement -> matched_statement  . 


State 90:
28: unmatched_statement -> IF '(' boolean_expression ')' statement  . 
  Reduce by 28: unmatched_statement -> IF '(' boolean_expression ')' statement  . 


State 91:
32: boolean_expression -> boolean_expression OR boolean_expression  . 
32: boolean_expression -> boolean_expression  . OR boolean_expression 
33: boolean_expression -> boolean_expression  . AND boolean_expression 
49: arith_expression -> boolean_expression  . '?' operand ':' operand 
  0 (removed by precedence):   On OR to state 69
  1:   On AND to state 70
  2 (removed by precedence):   On '?' to state 71
  Reduce by 32: boolean_expression -> boolean_expression OR boolean_expression  . 


State 92:
33: boolean_expression -> boolean_expression AND boolean_expression  . 
32: boolean_expression -> boolean_expression  . OR boolean_expression 
33: boolean_expression -> boolean_expression  . AND boolean_expression 
49: arith_expression -> boolean_expression  . '?' operand ':' operand 
  0 (removed by precedence):   On OR to state 69
  1 (removed by precedence):   On AND to state 70
  2 (removed by precedence):   On '?' to state 71
  Reduce by 33: boolean_expression -> boolean_expression AND boolean_expression  . 


State 93:
49: arith_expression -> boolean_expression '?' operand  . ':' operand 
44: arith_expression -> operand  . '+' operand 
45: arith_expression -> operand  . '-' operand 
46: arith_expression -> operand  . '*' operand 
47: arith_expression -> operand  . '/' operand 
37: relational_expression -> operand  . LT operand 
38: relational_expression -> operand  . LE operand 
39: relational_expression -> operand  . GT operand 
40: relational_expression -> operand  . GE operand 
41: relational_expression -> operand  . EQ operand 
42: relational_expression -> operand  . NE operand 
  0:   On ':' to state 109
  1:   On '+' to state 81
  2:   On '-' to state 82
  3:   On '*' to state 83
  4:   On '/' to state 84
  5:   On LT to state 75
  6:   On LE to state 76
  7:   On GT to state 77
  8:   On GE to state 78
  9:   On EQ to state 79
  10:   On NE to state 80


State 94:
35: boolean_expression -> '(' boolean_expression ')'  . 
  Reduce by 35: boolean_expression -> '(' boolean_expression ')'  . 


State 95:
50: arith_expression -> '(' operand ')'  . 
  Reduce by 50: arith_expression -> '(' operand ')'  . 


State 96:
37: relational_expression -> operand LT operand  . 
44: arith_expression -> operand  . '+' operand 
45: arith_expression -> operand  . '-' operand 
46: arith_expression -> operand  . '*' operand 
47: arith_expression -> operand  . '/' operand 
37: relational_expression -> operand  . LT operand 
38: relational_expression -> operand  . LE operand 
39: relational_expression -> operand  . GT operand 
40: relational_expression -> operand  . GE operand 
41: relational_expression -> operand  . EQ operand 
42: relational_expression -> operand  . NE operand 
  0:   On '+' to state 81
  1:   On '-' to state 82
  2:   On '*' to state 83
  3:   On '/' to state 84
  4 (removed by precedence):   On LT to state 75
  5 (removed by precedence):   On LE to state 76
  6 (removed by precedence):   On GT to state 77
  7 (removed by precedence):   On GE to state 78
  8 (removed by precedence):   On EQ to state 79
  9 (removed by precedence):   On NE to state 80
  Reduce by 37: relational_expression -> operand LT operand  . 


State 97:
38: relational_expression -> operand LE operand  . 
44: arith_expression -> operand  . '+' operand 
45: arith_expression -> operand  . '-' operand 
46: arith_expression -> operand  . '*' operand 
47: arith_expression -> operand  . '/' operand 
37: relational_expression -> operand  . LT operand 
38: relational_expression -> operand  . LE operand 
39: relational_expression -> operand  . GT operand 
40: relational_expression -> operand  . GE operand 
41: relational_expression -> operand  . EQ operand 
42: relational_expression -> operand  . NE operand 
  0:   On '+' to state 81
  1:   On '-' to state 82
  2:   On '*' to state 83
  3:   On '/' to state 84
  4 (removed by precedence):   On LT to state 75
  5 (removed by precedence):   On LE to state 76
  6 (removed by precedence):   On GT to state 77
  7 (removed by precedence):   On GE to state 78
  8 (removed by precedence):   On EQ to state 79
  9 (removed by precedence):   On NE to state 80
  Reduce by 38: relational_expression -> operand LE operand  . 


State 98:
39: relational_expression -> operand GT operand  . 
44: arith_expression -> operand  . '+' operand 
45: arith_expression -> operand  . '-' operand 
46: arith_expression -> operand  . '*' operand 
47: arith_expression -> operand  . '/' operand 
37: relational_expression -> operand  . LT operand 
38: relational_expression -> operand  . LE operand 
39: relational_expression -> operand  . GT operand 
40: relational_expression -> operand  . GE operand 
41: relational_expression -> operand  . EQ operand 
42: relational_expression -> operand  . NE operand 
  0:   On '+' to state 81
  1:   On '-' to state 82
  2:   On '*' to state 83
  3:   On '/' to state 84
  4 (removed by precedence):   On LT to state 75
  5 (removed by precedence):   On LE to state 76
  6 (removed by precedence):   On GT to state 77
  7 (removed by precedence):   On GE to state 78
  8 (removed by precedence):   On EQ to state 79
  9 (removed by precedence):   On NE to state 80
  Reduce by 39: relational_expression -> operand GT operand  . 


State 99:
40: relational_expression -> operand GE operand  . 
44: arith_expression -> operand  . '+' operand 
45: arith_expression -> operand  . '-' operand 
46: arith_expression -> operand  . '*' operand 
47: arith_expression -> operand  . '/' operand 
37: relational_expression -> operand  . LT operand 
38: relational_expression -> operand  . LE operand 
39: relational_expression -> operand  . GT operand 
40: relational_expression -> operand  . GE operand 
41: relational_expression -> operand  . EQ operand 
42: relational_expression -> operand  . NE operand 
  0:   On '+' to state 81
  1:   On '-' to state 82
  2:   On '*' to state 83
  3:   On '/' to state 84
  4 (removed by precedence):   On LT to state 75
  5 (removed by precedence):   On LE to state 76
  6 (removed by precedence):   On GT to state 77
  7 (removed by precedence):   On GE to state 78
  8 (removed by precedence):   On EQ to state 79
  9 (removed by precedence):   On NE to state 80
  Reduce by 40: relational_expression -> operand GE operand  . 


State 100:
41: relational_expression -> operand EQ operand  . 
44: arith_expression -> operand  . '+' operand 
45: arith_expression -> operand  . '-' operand 
46: arith_expression -> operand  . '*' operand 
47: arith_expression -> operand  . '/' operand 
37: relational_expression -> operand  . LT operand 
38: relational_expression -> operand  . LE operand 
39: relational_expression -> operand  . GT operand 
40: relational_expression -> operand  . GE operand 
41: relational_expression -> operand  . EQ operand 
42: relational_expression -> operand  . NE operand 
  0:   On '+' to state 81
  1:   On '-' to state 82
  2:   On '*' to state 83
  3:   On '/' to state 84
  4:   On LT to state 75
  5:   On LE to state 76
  6:   On GT to state 77
  7:   On GE to state 78
  8:   On EQ to state 79
  9:   On NE to state 80
  Reduce by 41: relational_expression -> operand EQ operand  . 


State 101:
42: relational_expression -> operand NE operand  . 
44: arith_expression -> operand  . '+' operand 
45: arith_expression -> operand  . '-' operand 
46: arith_expression -> operand  . '*' operand 
47: arith_expression -> operand  . '/' operand 
37: relational_expression -> operand  . LT operand 
38: relational_expression -> operand  . LE operand 
39: relational_expression -> operand  . GT operand 
40: relational_expression -> operand  . GE operand 
41: relational_expression -> operand  . EQ operand 
42: relational_expression -> operand  . NE operand 
  0:   On '+' to state 81
  1:   On '-' to state 82
  2:   On '*' to state 83
  3:   On '/' to state 84
  4:   On LT to state 75
  5:   On LE to state 76
  6:   On GT to state 77
  7:   On GE to state 78
  8:   On EQ to state 79
  9:   On NE to state 80
  Reduce by 42: relational_expression -> operand NE operand  . 


State 102:
44: arith_expression -> operand '+' operand  . 
44: arith_expression -> operand  . '+' operand 
45: arith_expression -> operand  . '-' operand 
46: arith_expression -> operand  . '*' operand 
47: arith_expression -> operand  . '/' operand 
37: relational_expression -> operand  . LT operand 
38: relational_expression -> operand  . LE operand 
39: relational_expression -> operand  . GT operand 
40: relational_expression -> operand  . GE operand 
41: relational_expression -> operand  . EQ operand 
42: relational_expression -> operand  . NE operand 
  0 (removed by precedence):   On '+' to state 81
  1 (removed by precedence):   On '-' to state 82
  2:   On '*' to state 83
  3:   On '/' to state 84
  4 (removed by precedence):   On LT to state 75
  5 (removed by precedence):   On LE to state 76
  6 (removed by precedence):   On GT to state 77
  7 (removed by precedence):   On GE to state 78
  8 (removed by precedence):   On EQ to state 79
  9 (removed by precedence):   On NE to state 80
  Reduce by 44: arith_expression -> operand '+' operand  . 


State 103:
45: arith_expression -> operand '-' operand  . 
44: arith_expression -> operand  . '+' operand 
45: arith_expression -> operand  . '-' operand 
46: arith_expression -> operand  . '*' operand 
47: arith_expression -> operand  . '/' operand 
37: relational_expression -> operand  . LT operand 
38: relational_expression -> operand  . LE operand 
39: relational_expression -> operand  . GT operand 
40: relational_expression -> operand  . GE operand 
41: relational_expression -> operand  . EQ operand 
42: relational_expression -> operand  . NE operand 
  0 (removed by precedence):   On '+' to state 81
  1 (removed by precedence):   On '-' to state 82
  2:   On '*' to state 83
  3:   On '/' to state 84
  4 (removed by precedence):   On LT to state 75
  5 (removed by precedence):   On LE to state 76
  6 (removed by precedence):   On GT to state 77
  7 (removed by precedence):   On GE to state 78
  8 (removed by precedence):   On EQ to state 79
  9 (removed by precedence):   On NE to state 80
  Reduce by 45: arith_expression -> operand '-' operand  . 


State 104:
46: arith_expression -> operand '*' operand  . 
44: arith_expression -> operand  . '+' operand 
45: arith_expression -> operand  . '-' operand 
46: arith_expression -> operand  . '*' operand 
47: arith_expression -> operand  . '/' operand 
37: relational_expression -> operand  . LT operand 
38: relational_expression -> operand  . LE operand 
39: relational_expression -> operand  . GT operand 
40: relational_expression -> operand  . GE operand 
41: relational_expression -> operand  . EQ operand 
42: relational_expression -> operand  . NE operand 
  0 (removed by precedence):   On '+' to state 81
  1 (removed by precedence):   On '-' to state 82
  2 (removed by precedence):   On '*' to state 83
  3 (removed by precedence):   On '/' to state 84
  4 (removed by precedence):   On LT to state 75
  5 (removed by precedence):   On LE to state 76
  6 (removed by precedence):   On GT to state 77
  7 (removed by precedence):   On GE to state 78
  8 (removed by precedence):   On EQ to state 79
  9 (removed by precedence):   On NE to state 80
  Reduce by 46: arith_expression -> operand '*' operand  . 


State 105:
47: arith_expression -> operand '/' operand  . 
44: arith_expression -> operand  . '+' operand 
45: arith_expression -> operand  . '-' operand 
46: arith_expression -> operand  . '*' operand 
47: arith_expression -> operand  . '/' operand 
37: relational_expression -> operand  . LT operand 
38: relational_expression -> operand  . LE operand 
39: relational_expression -> operand  . GT operand 
40: relational_expression -> operand  . GE operand 
41: relational_expression -> operand  . EQ operand 
42: relational_expression -> operand  . NE operand 
  0 (removed by precedence):   On '+' to state 81
  1 (removed by precedence):   On '-' to state 82
  2 (removed by precedence):   On '*' to state 83
  3 (removed by precedence):   On '/' to state 84
  4 (removed by precedence):   On LT to state 75
  5 (removed by precedence):   On LE to state 76
  6 (removed by precedence):   On GT to state 77
  7 (removed by precedence):   On GE to state 78
  8 (removed by precedence):   On EQ to state 79
  9 (removed by precedence):   On NE to state 80
  Reduce by 47: arith_expression -> operand '/' operand  . 


State 106:
30: iterative_statement -> WHILE '(' boolean_expression ')' '{'  . statement_list '}' 
  0:   On statement_list to state 110
  Reduce by 19: statement_list ->  . 


State 107:
31: iterative_statement -> DO '{' statement_list '}' WHILE  . '(' boolean_expression ')' 
  0:   On '(' to state 111


State 108:
26: matched_statement -> IF '(' boolean_expression ')' matched_statement ELSE  . matched_statement 
29: unmatched_statement -> IF '(' boolean_expression ')' matched_statement ELSE  . unmatched_statement 
  0:   On matched_statement to state 112
  1:   On unmatched_statement to state 113
  2:   On IF to state 37
  3:   On other_statement to state 38
  4:   On assignment_statement to state 39
  5:   On iterative_statement to state 40
  6:   On '{' to state 41
  7:   On variable to state 42
  8:   On WHILE to state 43
  9:   On DO to state 44
  10:   On NAME to state 45


State 109:
49: arith_expression -> boolean_expression '?' operand ':'  . operand 
  0:   On operand to state 114
  1:   On arith_expression to state 56
  2:   On '-' to state 57
  3:   On boolean_expression to state 65
  4:   On '(' to state 53
  5:   On expression_term to state 58
  6:   On NOT to state 52
  7:   On relational_expression to state 54
  8:   On variable to state 59
  9:   On constant to state 60
  10:   On NAME to state 45
  11:   On INTEGER_NUMBER to state 61
  12:   On DOUBLE_NUMBER to state 62


State 110:
30: iterative_statement -> WHILE '(' boolean_expression ')' '{' statement_list  . '}' 
20: statement_list -> statement_list  . statement 
  0:   On '}' to state 115
  1:   On statement to state 34
  2:   On matched_statement to state 35
  3:   On unmatched_statement to state 36
  4:   On IF to state 37
  5:   On other_statement to state 38
  6:   On assignment_statement to state 39
  7:   On iterative_statement to state 40
  8:   On '{' to state 41
  9:   On variable to state 42
  10:   On WHILE to state 43
  11:   On DO to state 44
  12:   On NAME to state 45


State 111:
31: iterative_statement -> DO '{' statement_list '}' WHILE '('  . boolean_expression ')' 
  0:   On boolean_expression to state 116
  1:   On NOT to state 52
  2:   On '(' to state 53
  3:   On relational_expression to state 54
  4:   On operand to state 55
  5:   On arith_expression to state 56
  6:   On '-' to state 57
  7:   On expression_term to state 58
  8:   On variable to state 59
  9:   On constant to state 60
  10:   On NAME to state 45
  11:   On INTEGER_NUMBER to state 61
  12:   On DOUBLE_NUMBER to state 62


State 112:
26: matched_statement -> IF '(' boolean_expression ')' matched_statement ELSE matched_statement  . 
  Reduce by 26: matched_statement -> IF '(' boolean_expression ')' matched_statement ELSE matched_statement  . 


State 113:
29: unmatched_statement -> IF '(' boolean_expression ')' matched_statement ELSE unmatched_statement  . 
  Reduce by 29: unmatched_statement -> IF '(' boolean_expression ')' matched_statement ELSE unmatched_statement  . 


State 114:
49: arith_expression -> boolean_expression '?' operand ':' operand  . 
44: arith_expression -> operand  . '+' operand 
45: arith_expression -> operand  . '-' operand 
46: arith_expression -> operand  . '*' operand 
47: arith_expression -> operand  . '/' operand 
37: relational_expression -> operand  . LT operand 
38: relational_expression -> operand  . LE operand 
39: relational_expression -> operand  . GT operand 
40: relational_expression -> operand  . GE operand 
41: relational_expression -> operand  . EQ operand 
42: relational_expression -> operand  . NE operand 
  0:   On '+' to state 81
  1:   On '-' to state 82
  2:   On '*' to state 83
  3:   On '/' to state 84
  4:   On LT to state 75
  5:   On LE to state 76
  6:   On GT to state 77
  7:   On GE to state 78
  8:   On EQ to state 79
  9:   On NE to state 80
  Reduce by 49: arith_expression -> boolean_expression '?' operand ':' operand  . 


State 115:
30: iterative_statement -> WHILE '(' boolean_expression ')' '{' statement_list '}'  . 
  Reduce by 30: iterative_statement -> WHILE '(' boolean_expression ')' '{' statement_list '}'  . 


State 116:
31: iterative_statement -> DO '{' statement_list '}' WHILE '(' boolean_expression  . ')' 
32: boolean_expression -> boolean_expression  . OR boolean_expression 
33: boolean_expression -> boolean_expression  . AND boolean_expression 
49: arith_expression -> boolean_expression  . '?' operand ':' operand 
  0:   On ')' to state 117
  1:   On OR to state 69
  2:   On AND to state 70
  3:   On '?' to state 71


State 117:
31: iterative_statement -> DO '{' statement_list '}' WHILE '(' boolean_expression ')'  . 
  Reduce by 31: iterative_statement -> DO '{' statement_list '}' WHILE '(' boolean_expression ')'  . 



